TN:
SF:index.js
FNF:0
FNH:0
DA:1,1
DA:2,1
DA:5,1
DA:6,1
DA:8,1
DA:9,1
DA:11,1
LF:7
LH:7
BRF:0
BRH:0
end_of_record
TN:
SF:models/marks.js
FN:2,(anonymous_0)
FN:7,(anonymous_1)
FN:34,(anonymous_2)
FNF:3
FNH:3
FNDA:2,(anonymous_0)
FNDA:3,(anonymous_1)
FNDA:1,(anonymous_2)
DA:3,2
DA:4,2
DA:5,2
DA:8,3
DA:9,3
DA:11,2
DA:12,1
DA:14,0
DA:16,1
DA:18,0
DA:20,1
DA:22,0
DA:24,1
DA:26,1
DA:28,0
DA:30,0
DA:32,3
DA:35,1
DA:36,1
DA:37,0
DA:38,0
DA:40,1
DA:41,0
DA:42,0
DA:44,1
DA:45,0
DA:46,0
DA:48,1
DA:49,0
DA:50,0
DA:52,1
DA:56,1
LF:32
LH:19
BRDA:9,0,0,2
BRDA:9,0,1,1
BRDA:12,1,0,0
BRDA:12,1,1,1
BRDA:12,2,0,1
BRDA:12,2,1,0
BRDA:16,3,0,0
BRDA:16,3,1,1
BRDA:16,4,0,1
BRDA:16,4,1,0
BRDA:20,5,0,0
BRDA:20,5,1,1
BRDA:20,6,0,1
BRDA:20,6,1,0
BRDA:24,7,0,1
BRDA:24,7,1,0
BRDA:24,8,0,1
BRDA:24,8,1,1
BRDA:28,9,0,0
BRDA:28,9,1,0
BRDA:28,10,0,0
BRDA:28,10,1,0
BRDA:36,11,0,0
BRDA:36,11,1,1
BRDA:40,12,0,0
BRDA:40,12,1,1
BRDA:44,13,0,0
BRDA:44,13,1,1
BRDA:48,14,0,0
BRDA:48,14,1,1
BRF:30
BRH:15
end_of_record
TN:
SF:models/student.js
FN:2,(anonymous_0)
FNF:1
FNH:0
FNDA:0,(anonymous_0)
DA:3,0
DA:4,0
DA:5,0
DA:6,0
DA:12,1
LF:5
LH:1
BRF:0
BRH:0
end_of_record
